<?xml version="1.0" encoding="UTF-8"?>
<!-- Generated by org.testng.reporters.JUnitXMLReporter -->
<testsuite ignored="0" hostname="LAPTOP-73Q0V0PU" failures="1" tests="1" name="Test3" time="0.079" errors="0" timestamp="2022-05-27T17:48:55 IST">
  <testcase classname="testng.parallel" name="demo" time="0.01">
    <failure type="java.lang.Error" message="Unresolved compilation problems: 
	abcde cannot be resolved to a variable
	SoftAssert cannot be resolved to a type
	SoftAssert cannot be resolved to a type
	s cannot be resolved to a type
	Syntax error on token &amp;quot;.&amp;quot;, ; expected
	The method log(String, boolean) is undefined for the type parallel
">
      <![CDATA[java.lang.Error: Unresolved compilation problems: 
abcde cannot be resolved to a variable
SoftAssert cannot be resolved to a type
SoftAssert cannot be resolved to a type
s cannot be resolved to a type
Syntax error on token ".", ; expected
The method log(String, boolean) is undefined for the type parallel

at testng.parallel.demo(parallel.java:37)
at java.base/java.util.ArrayList.forEach(ArrayList.java:1507)
at java.base/java.util.concurrent.FutureTask.run(FutureTask.java:264)
at java.base/java.util.concurrent.ThreadPoolExecutor.runWorker(ThreadPoolExecutor.java:1128)
at java.base/java.util.concurrent.ThreadPoolExecutor$Worker.run(ThreadPoolExecutor.java:628)
at java.base/java.lang.Thread.run(Thread.java:830)
... Removed 18 stack frames]]>
    </failure>
  </testcase> <!-- demo -->
</testsuite> <!-- Test3 -->
